time="2021-12-16T09:59:34Z" level=info msg="UFAX LIVE v0.0.10-dev (20211216)"
time="2021-12-16T09:59:34Z" level=fatal msg="Unable to determine path to ffmpeg. Please make sure it is installed either globally or a copy exists in the owncast directory."
time="2021-12-16T10:01:31Z" level=info msg="UFAX LIVE v0.0.10-dev (20211216)"
time="2021-12-16T10:01:31Z" level=info msg="Video transcoder started using x264 with 1 stream variants."
time="2021-12-16T10:01:32Z" level=info msg="RTMP is accepting inbound streams on port 1935."
time="2021-12-16T10:01:32Z" level=info msg="Web server is listening on IP 0.0.0.0 port 8080."
time="2021-12-16T10:01:32Z" level=info msg="The web admin interface is available at /admin."
time="2021-12-16T10:50:17Z" level=info msg="UFAX LIVE v0.0.10-dev (20211216)"
time="2021-12-16T10:50:17Z" level=info msg="Video transcoder started using x264 with 1 stream variants."
time="2021-12-16T10:50:18Z" level=info msg="RTMP is accepting inbound streams on port 1935."
time="2021-12-16T10:50:18Z" level=info msg="Web server is listening on IP 0.0.0.0 port 8080."
time="2021-12-16T10:50:18Z" level=info msg="The web admin interface is available at /admin."
time="2021-12-16T11:06:38Z" level=info msg="UFAX LIVE v0.0.10-dev (20211216)"
time="2021-12-16T11:06:38Z" level=info msg="Video transcoder started using x264 with 1 stream variants."
time="2021-12-16T11:06:39Z" level=info msg="RTMP is accepting inbound streams on port 1935."
time="2021-12-16T11:06:39Z" level=info msg="Web server is listening on IP 0.0.0.0 port 8080."
time="2021-12-16T11:06:39Z" level=info msg="The web admin interface is available at /admin."
time="2021-12-16T12:06:41Z" level=info msg="UFAX LIVE v0.0.10-dev (20211216)"
time="2021-12-16T12:06:41Z" level=fatal msg="Unable to determine path to ffmpeg. Please make sure it is installed either globally or a copy exists in the owncast directory."
time="2021-12-16T12:07:45Z" level=info msg="UFAX LIVE v0.0.10-dev (20211216)"
time="2021-12-16T12:07:45Z" level=info msg="Video transcoder started using x264 with 1 stream variants."
time="2021-12-16T12:07:46Z" level=info msg="RTMP is accepting inbound streams on port 1935."
time="2021-12-16T12:07:47Z" level=info msg="Web server is listening on IP 0.0.0.0 port 8080."
time="2021-12-16T12:07:47Z" level=info msg="The web admin interface is available at /admin."
